<?xml version="1.0" encoding="UTF-8"?>
<!-- Generated by org.testng.reporters.JUnitReportReporter -->
<testsuite hostname="Pavi" failures="0" tests="3" name="com.hrm.qa.testcases.LoginPageTest" time="52.947" errors="0" timestamp="2022-11-07T17:31:01 IST" skipped="0">
  <testcase classname="com.hrm.qa.testcases.LoginPageTest" name="loginPageTitleTest" time="26.131"/>
  <system-out/>
  <testcase classname="com.hrm.qa.testcases.LoginPageTest" name="hrmLogoTest" time="14.460"/>
  <system-out/>
  <testcase classname="com.hrm.qa.testcases.LoginPageTest" name="loginTest" time="12.356"/>
  <system-out/>
</testsuite> <!-- com.hrm.qa.testcases.LoginPageTest -->
