<?xml version="1.0" encoding="UTF-8"?>
<!-- Generated by org.testng.reporters.JUnitReportReporter -->
<testsuite hostname="Pavi" failures="0" tests="6" name="com.hrm.qa.testcases.LoginPageTest" time="93.187" errors="0" timestamp="2022-11-08T23:19:29 IST" skipped="0">
  <testcase classname="com.hrm.qa.testcases.LoginPageTest" name="loginPageTitleTest" time="15.628"/>
  <system-out/>
  <testcase classname="com.hrm.qa.testcases.LoginPageTest" name="hrmLogoTest" time="12.358"/>
  <system-out/>
  <testcase classname="com.hrm.qa.testcases.LoginPageTest" name="validUserLoginTest" time="12.334"/>
  <system-out/>
  <testcase classname="com.hrm.qa.testcases.LoginPageTest" name="validUserLoginTest" time="21.677"/>
  <system-out/>
  <testcase classname="com.hrm.qa.testcases.LoginPageTest" name="invalidUserLoginTest" time="15.614"/>
  <system-out/>
  <testcase classname="com.hrm.qa.testcases.LoginPageTest" name="invalidUserLoginTest" time="15.576"/>
  <system-out/>
</testsuite> <!-- com.hrm.qa.testcases.LoginPageTest -->
