<?xml version="1.0" encoding="UTF-8"?>
<!-- Generated by org.testng.reporters.JUnitReportReporter -->
<testsuite hostname="Pavi" failures="0" tests="4" name="com.hrm.qa.testcases.HomePageTest" time="69.533" errors="0" timestamp="2022-11-08T23:19:29 IST" skipped="0">
  <testcase classname="com.hrm.qa.testcases.HomePageTest" name="loginPageTitleTest" time="13.133"/>
  <system-out/>
  <testcase classname="com.hrm.qa.testcases.HomePageTest" name="hrmLogoTest" time="18.789"/>
  <system-out/>
  <testcase classname="com.hrm.qa.testcases.HomePageTest" name="logonUserNameTest" time="16.444"/>
  <system-out/>
  <testcase classname="com.hrm.qa.testcases.HomePageTest" name="UserTab" time="21.167"/>
  <system-out/>
</testsuite> <!-- com.hrm.qa.testcases.HomePageTest -->
