<?xml version="1.0" encoding="UTF-8"?>
<!-- Generated by org.testng.reporters.JUnitReportReporter -->
<testsuite hostname="Pavi" failures="0" tests="1" name="com.hrm.qa.testcases.UserPageTest" time="20.898" errors="0" timestamp="2022-11-08T23:19:29 IST" skipped="0">
  <testcase classname="com.hrm.qa.testcases.UserPageTest" name="userProfilesTest" time="20.898"/>
  <system-out/>
</testsuite> <!-- com.hrm.qa.testcases.UserPageTest -->
